<?xml version="1.0" encoding="UTF-8"?>
<testsuite name="com.nexora.app.data.remote.AuthInterceptorTest" tests="3" skipped="0" failures="0" errors="0" timestamp="2026-08-31T13:33:35.856Z" hostname="LAPTOP-TNNGLCM8" time="0.226">
  <properties/>
  <testcase name="does not attach header when token is null" classname="com.nexora.app.data.remote.AuthInterceptorTest" time="0.216"/>
  <testcase name="attaches token header when token is present" classname="com.nexora.app.data.remote.AuthInterceptorTest" time="0.005"/>
  <testcase name="preserves existing authorization header" classname="com.nexora.app.data.remote.AuthInterceptorTest" time="0.005"/>
  <system-out><![CDATA[]]></system-out>
  <system-err><![CDATA[]]></system-err>
</testsuite>
