<?xml version="1.0" encoding="UTF-8"?>
<testsuite name="com.nexora.app.ui.screens.home.HomeViewModelTest" tests="3" skipped="0" failures="0" errors="0" timestamp="2026-08-31T13:33:36.396Z" hostname="LAPTOP-TNNGLCM8" time="0.008">
  <properties/>
  <testcase name="createHome with blank name sets validation error" classname="com.nexora.app.ui.screens.home.HomeViewModelTest" time="0.004"/>
  <testcase name="loadHomes updates uiState with loaded homes and auto selects first home" classname="com.nexora.app.ui.screens.home.HomeViewModelTest" time="0.002"/>
  <testcase name="inviteMember with invalid email sets validation error" classname="com.nexora.app.ui.screens.home.HomeViewModelTest" time="0.002"/>
  <system-out><![CDATA[]]></system-out>
  <system-err><![CDATA[]]></system-err>
</testsuite>
