<?xml version="1.0" encoding="UTF-8"?>
<testsuite name="com.nexora.app.data.googlehome.GoogleHomeClientManagerTest" tests="6" skipped="0" failures="0" errors="0" timestamp="2026-08-31T13:33:35.743Z" hostname="LAPTOP-TNNGLCM8" time="0.107">
  <properties/>
  <testcase name="testExecuteCommandOnlineDeviceSuccess" classname="com.nexora.app.data.googlehome.GoogleHomeClientManagerTest" time="0.1"/>
  <testcase name="testDuplicateTapProtection" classname="com.nexora.app.data.googlehome.GoogleHomeClientManagerTest" time="0.002"/>
  <testcase name="testInitialGraphDiscovery" classname="com.nexora.app.data.googlehome.GoogleHomeClientManagerTest" time="0.001"/>
  <testcase name="testEmptyHomeDiscovery" classname="com.nexora.app.data.googlehome.GoogleHomeClientManagerTest" time="0.001"/>
  <testcase name="testExecuteCommandOfflineDeviceFails" classname="com.nexora.app.data.googlehome.GoogleHomeClientManagerTest" time="0.001"/>
  <testcase name="testExecuteCommandUnsupportedCapabilityFails" classname="com.nexora.app.data.googlehome.GoogleHomeClientManagerTest" time="0.002"/>
  <system-out><![CDATA[]]></system-out>
  <system-err><![CDATA[]]></system-err>
</testsuite>
