<?xml version="1.0" encoding="UTF-8"?>
<testsuite name="com.nexora.app.data.googlehome.GoogleHomeAuthManagerTest" tests="4" skipped="0" failures="0" errors="0" timestamp="2026-08-31T13:33:35.692Z" hostname="LAPTOP-TNNGLCM8" time="0.047">
  <properties/>
  <testcase name="testBuildAuthorizationUrl" classname="com.nexora.app.data.googlehome.GoogleHomeAuthManagerTest" time="0.028"/>
  <testcase name="testHandleRedirectUriDenied" classname="com.nexora.app.data.googlehome.GoogleHomeAuthManagerTest" time="0.009"/>
  <testcase name="testHandleRedirectUriGranted" classname="com.nexora.app.data.googlehome.GoogleHomeAuthManagerTest" time="0.003"/>
  <testcase name="testRevokePermissions" classname="com.nexora.app.data.googlehome.GoogleHomeAuthManagerTest" time="0.0"/>
  <system-out><![CDATA[]]></system-out>
  <system-err><![CDATA[]]></system-err>
</testsuite>
