<?xml version="1.0" encoding="UTF-8"?>
<testsuite name="com.nexora.app.ui.screens.ai.AiViewModelTest" tests="5" skipped="0" failures="0" errors="0" timestamp="2026-08-31T13:37:22.211Z" hostname="LAPTOP-TNNGLCM8" time="0.017">
  <properties/>
  <testcase name="testLoadAllDataFailureSetsErrorMessage" classname="com.nexora.app.ui.screens.ai.AiViewModelTest" time="0.007"/>
  <testcase name="testLoadAllDataSuccess" classname="com.nexora.app.ui.screens.ai.AiViewModelTest" time="0.001"/>
  <testcase name="testSendNaturalLanguageQuerySuccess" classname="com.nexora.app.ui.screens.ai.AiViewModelTest" time="0.003"/>
  <testcase name="testApproveDecisionSuccess" classname="com.nexora.app.ui.screens.ai.AiViewModelTest" time="0.003"/>
  <testcase name="testRejectDecisionSuccess" classname="com.nexora.app.ui.screens.ai.AiViewModelTest" time="0.003"/>
  <system-out><![CDATA[]]></system-out>
  <system-err><![CDATA[]]></system-err>
</testsuite>
