<?xml version="1.0" encoding="UTF-8"?>
<testsuite name="com.nexora.app.data.repository.HomeRepositoryTest" tests="4" skipped="0" failures="0" errors="0" timestamp="2026-08-31T13:37:22.082Z" hostname="LAPTOP-TNNGLCM8" time="0.061">
  <properties/>
  <testcase name="createHome sends request and returns new HomeModel" classname="com.nexora.app.data.repository.HomeRepositoryTest" time="0.027"/>
  <testcase name="leaveHome sends POST request and parses detail response" classname="com.nexora.app.data.repository.HomeRepositoryTest" time="0.011"/>
  <testcase name="getHomes returns list of mapped HomeModels" classname="com.nexora.app.data.repository.HomeRepositoryTest" time="0.013"/>
  <testcase name="inviteMember returns 404 when user not found" classname="com.nexora.app.data.repository.HomeRepositoryTest" time="0.01"/>
  <system-out><![CDATA[]]></system-out>
  <system-err><![CDATA[]]></system-err>
</testsuite>
